0.1 28.5 25.02
1.19 28.5 25.24
2.29 28.5 25.46
3.38 28.5 25.68
4.47 28.5 25.89
5.57 28.5 26.11
6.66 28.5 26.33
7.75 28.5 26.55
8.84 28.5 26.77
9.94 28.5 26.99
11.03 28.75 27.21
12.12 28.5 27.42
13.22 28.5 27.64
14.31 28.5 27.86
15.4 28.25 28.08
16.49 28.5 28.3
17.59 28.75 28.52
18.68 28.75 28.74
19.77 28.25 28.95
20.83 28.5 29.17
21.88 28.5 29.38
22.93 28.75 29.59
23.98 28.5 29.8
25.03 28.0 30.01
26.08 28.5 30.22
27.14 28.0 30.43
28.19 28.75 30.64
29.24 27.75 30.85
30.29 28.75 31.06
31.34 28.25 31.27
32.39 28.5 31.48
33.45 28.75 31.69
34.5 28.75 31.9
35.55 28.5 32.11
36.6 28.25 32.32
37.65 28.5 32.53
38.7 28.75 32.74
39.76 28.5 32.95
40.81 28.75 33.16
41.86 28.75 33.37
42.91 28.75 33.58
43.96 29.25 33.79
45.01 28.5 34.0
46.07 28.75 34.21
47.12 29.25 34.42
48.17 29.0 34.63
49.22 29.75 34.84
50.27 29.25 35.05
51.33 30.0 35.27
52.38 30.0 35.48
53.43 30.0 35.69
54.48 30.5 35.9
55.53 30.75 36.11
56.58 31.0 36.32
57.64 31.75 36.53
58.69 31.5 36.74
59.75 32.25 36.95
60.84 32.75 37.22
62.02 32.75 37.54
63.07 33.25 37.82
64.13 33.75 38.1
65.18 34.0 38.38
66.23 34.25 38.66
67.28 34.75 38.94
68.33 35.25 39.22
69.39 35.75 39.5
70.44 36.25 39.78
71.49 36.75 40.06
72.54 37.0 40.34
73.59 37.0 40.62
74.64 38.0 40.91
75.74 38.25 41.22
76.79 38.25 41.54
77.84 39.25 41.86
78.89 39.5 42.18
79.94 39.5 42.5
81.0 40.5 42.82
82.05 40.5 43.14
83.1 40.75 43.46
84.15 41.75 43.78
85.2 41.75 44.1
86.26 41.75 44.42
87.31 43.0 44.74
88.36 43.0 45.06
89.41 43.25 45.38
90.5 44.25 45.79
91.56 44.25 46.26
92.61 44.5 46.73
93.66 44.75 47.2
94.71 45.0 47.67
95.76 45.75 48.14
96.81 46.25 48.61
97.87 47.0 49.08
98.92 46.75 49.55
99.97 47.75 50.02
101.02 47.75 50.49
102.1 47.5 50.97
103.15 48.0 51.44
104.21 48.75 51.91
105.3 49.5 52.41
106.35 49.5 52.9
107.4 49.75 53.39
108.45 50.25 53.89
109.51 50.5 54.38
110.56 50.5 54.88
111.61 51.25 55.37
112.66 52.0 55.86
113.71 52.5 56.36
114.76 53.0 56.85
115.82 53.0 57.34
116.87 53.25 57.84
117.92 53.75 58.33
118.97 55.0 58.83
120.06 55.5 59.34
121.12 55.5 59.87
123.5 57.0 61.06
124.55 57.0 61.58
125.6 58.0 62.11
126.66 58.25 62.63
127.71 59.25 63.16
128.76 59.25 63.69
129.81 59.75 64.21
130.86 60.25 64.74
131.91 61.0 65.26
132.97 62.0 65.79
134.02 62.5 66.31
135.11 62.75 66.86
136.16 62.75 67.43
137.21 64.25 67.99
138.27 64.5 68.56
139.32 65.5 69.12
140.37 66.25 69.69
141.42 66.75 70.26
142.47 67.25 70.82
143.52 68.0 71.39
144.58 68.5 71.95
145.63 68.5 72.52
146.68 70.0 73.08
147.73 70.25 73.65
148.78 71.0 74.21
149.84 71.5 74.78
150.93 72.75 75.41
151.98 72.75 76.02
153.03 73.0 76.63
154.08 73.75 77.25
155.14 74.0 77.86
156.19 75.0 78.47
157.24 75.25 79.08
158.29 75.75 79.7
159.34 76.5 80.31
160.4 77.0 80.92
161.45 78.0 81.54
162.5 78.25 82.15
163.55 78.75 82.76
164.6 79.5 83.38
165.7 80.5 84.05
166.75 80.5 84.72
167.8 81.0 85.39
168.85 82.0 86.06
169.9 81.5 86.73
170.96 83.25 87.39
172.01 83.75 88.06
173.06 84.5 88.73
174.11 85.0 89.4
175.16 85.75 90.07
176.21 86.25 90.74
177.27 87.25 91.41
178.32 88.0 92.08
179.37 88.5 92.74
180.46 90.25 93.47
181.51 90.25 94.2
182.57 91.0 94.93
183.62 91.5 95.66
184.67 92.0 96.39
185.72 92.5 97.13
186.77 93.25 97.86
187.82 93.5 98.59
188.88 94.25 99.32
189.93 95.75 100.05
190.98 96.25 100.79
192.03 97.25 101.52
193.08 98.0 102.25
194.14 98.25 102.98
195.23 100.5 103.76
196.28 100.5 104.54
197.33 101.0 105.33
198.38 101.25 106.11
199.44 102.5 106.89
200.49 103.0 107.68
201.54 104.0 108.46
202.59 104.25 109.25
203.64 104.75 110.03
204.69 105.75 110.82
205.75 106.5 111.6
206.8 107.0 112.39
207.85 107.75 113.17
208.9 108.75 113.96
209.95 109.5 114.74
211.05 111.5 115.57
212.1 111.5 116.37
213.15 111.75 117.16
214.2 112.0 117.96
215.25 113.75 118.76
216.31 114.25 119.55
217.36 115.25 120.35
218.41 116.0 121.15
219.46 116.5 121.95
220.51 118.0 122.74
221.56 118.75 123.54
222.62 119.0 124.34
223.67 120.25 125.14
224.72 121.0 125.93
225.81 122.75 126.74
226.86 122.75 127.51
227.92 123.5 128.28
228.97 124.25 129.04
230.02 125.0 129.81
231.07 125.75 130.58
232.12 126.5 131.35
233.18 127.25 132.11
234.23 127.75 132.88
235.28 128.75 133.65
236.33 129.0 134.42
237.38 129.75 135.19
238.44 130.75 135.95
239.49 131.5 136.72
240.58 133.0 137.48
241.63 133.0 138.18
242.68 133.75 138.87
243.74 134.5 139.57
244.79 135.0 140.26
245.84 135.5 140.96
246.89 136.75 141.66
247.94 137.5 142.35
248.99 138.25 143.05
250.05 139.0 143.74
251.1 139.75 144.44
252.15 140.25 145.14
253.2 141.25 145.83
254.25 141.75 146.53
255.35 143.0 147.22
256.4 143.0 147.8
257.45 143.5 148.39
258.5 144.25 148.97
259.56 144.5 149.56
260.61 145.75 150.14
261.66 146.25 150.73
262.71 146.25 151.31
263.76 147.25 151.9
264.81 148.0 152.48
265.87 148.5 153.07
266.92 148.5 153.65
267.97 149.75 154.24
269.02 150.25 154.82
270.12 151.5 155.42
271.17 151.5 155.88
272.22 151.75 156.35
273.27 152.5 156.82
274.32 153.0 157.29
275.37 153.5 157.75
276.43 154.5 158.22
277.48 154.5 158.69
278.53 155.25 159.16
279.58 156.0 159.62
280.63 156.5 160.09
281.69 157.0 160.56
282.74 157.0 161.03
283.79 158.0 161.49
284.84 158.25 161.96
285.93 159.25 162.36
286.99 159.25 162.72
288.04 159.5 163.09
289.09 160.25 163.45
290.14 160.75 163.82
291.19 160.75 164.18
292.24 161.5 164.55
293.3 161.75 164.91
294.35 162.25 165.28
295.4 162.75 165.64
296.45 163.0 166.01
297.5 163.5 166.37
298.56 164.0 166.74
299.61 164.25 167.1
300.7 164.75 167.43
301.75 164.75 167.7
302.8 164.75 167.98
303.86 165.5 168.26
304.91 165.5 168.54
305.96 166.0 168.82
307.01 166.5 169.1
308.06 166.5 169.37
309.12 167.0 169.65
310.17 167.0 169.93
311.23 167.5 170.21
312.28 167.75 170.49
313.33 167.75 170.77
314.38 168.25 171.05
315.48 169.0 171.3
316.53 169.0 171.51
317.58 168.5 171.72
318.63 169.5 171.92
319.68 170.0 172.13
320.74 169.75 172.34
321.79 170.0 172.55
322.84 169.75 172.75
323.89 170.0 172.96
324.94 170.75 173.17
325.99 171.0 173.37
327.05 171.0 173.58
328.1 171.25 173.79
329.15 171.5 174.0
330.24 171.75 174.2
331.29 171.75 174.35
332.35 172.25 174.5
333.4 172.5 174.65
334.45 172.25 174.8
335.5 172.75 174.95
336.55 173.0 175.1
337.61 173.25 175.26
338.66 173.25 175.41
339.71 173.0 175.56
340.76 173.5 175.71
341.81 173.25 175.86
342.86 173.25 176.01
343.92 174.0 176.16
344.97 174.0 176.31
346.06 174.0 176.43
347.11 174.0 176.54
348.17 174.25 176.65
349.22 174.0 176.76
350.27 174.75 176.87
351.32 174.75 176.98
352.37 175.0 177.1
353.43 174.75 177.21
354.48 175.25 177.32
355.53 174.75 177.43
356.58 175.25 177.54
357.63 175.5 177.65
358.69 175.5 177.76
359.74 175.75 177.87
360.83 176.25 177.97
361.88 176.25 178.05
362.93 176.0 178.14
363.99 176.0 178.22
365.04 176.5 178.31
366.09 176.5 178.4
367.14 176.5 178.48
368.19 176.75 178.57
369.25 177.0 178.65
370.3 176.75 178.74
371.35 177.0 178.82
372.4 177.25 178.91
373.45 177.25 179.0
374.5 177.0 179.08
375.6 177.75 179.17
376.65 177.75 179.24
377.7 177.5 179.32
378.75 177.5 179.4
379.81 177.25 179.47
380.86 177.5 179.55
381.91 177.25 179.62
382.96 178.0 179.7
384.01 177.75 179.78
385.07 177.75 179.85
386.12 178.25 179.93
387.17 178.0 180.01
388.22 178.5 180.08
389.27 178.5 180.16
390.37 177.75 180.24
391.42 177.75 180.32
392.47 178.5 180.41
393.52 178.5 180.49
394.57 178.25 180.57
395.63 178.5 180.65
396.68 178.5 180.74
397.73 178.5 180.82
398.78 179.0 180.9
399.83 178.5 180.98
400.89 178.75 181.07
401.94 178.75 181.15
402.99 178.75 181.23
404.04 178.25 181.31
405.14 179.0 181.4
406.19 179.0 181.51
407.24 179.0 181.61
408.29 179.0 181.71
409.34 179.5 181.82
410.39 179.25 181.92
411.45 179.25 182.03
412.5 179.5 182.13
413.55 179.5 182.23
414.6 179.75 182.34
415.65 179.75 182.44
416.7 179.75 182.54
417.76 180.0 182.65
418.81 180.25 182.75
419.86 180.0 182.86
420.95 180.25 183.0
422.01 180.25 183.14
423.06 180.0 183.28
424.11 180.25 183.42
425.16 180.5 183.56
426.21 180.75 183.7
427.26 180.5 183.84
428.32 180.5 183.98
429.37 181.0 184.13
430.42 181.0 184.27
431.47 181.0 184.41
432.53 181.5 184.55
433.58 181.75 184.69
434.63 181.75 184.83
435.72 182.0 185.01
436.77 182.0 185.21
437.83 182.25 185.4
438.88 181.75 185.59
439.93 182.5 185.79
440.98 182.5 185.98
442.03 182.75 186.17
443.09 183.0 186.37
444.14 182.75 186.56
445.19 183.0 186.75
446.24 182.75 186.95
447.29 183.75 187.14
448.34 183.75 187.33
449.4 184.0 187.53
450.49 184.25 187.76
451.54 184.25 188.02
452.59 184.0 188.28
453.65 184.25 188.54
454.7 184.75 188.8
455.75 184.75 189.06
456.8 185.5 189.33
457.85 184.75 189.59
458.91 185.75 189.85
459.96 186.0 190.11
461.01 186.25 190.37
462.06 185.75 190.63
463.11 185.75 190.89
464.16 186.25 191.15
465.26 187.25 191.44
466.31 187.25 191.77
467.36 187.75 192.11
468.41 187.75 192.44
469.46 188.25 192.77
470.52 188.5 193.11
471.57 188.5 193.44
472.62 188.75 193.77
473.67 189.0 194.1
474.72 189.75 194.44
475.78 189.75 194.77
476.83 190.5 195.1
477.88 191.0 195.43
478.93 191.5 195.77
479.98 192.0 196.1
481.08 192.0 196.5
482.13 192.0 196.9
483.18 193.0 197.29
484.23 192.5 197.68
485.28 193.25 198.07
486.34 193.5 198.46
487.39 194.0 198.85
488.44 193.75 199.24
489.49 194.25 199.63
490.54 195.0 200.02
491.6 195.25 200.41
492.65 195.25 200.8
493.7 196.25 201.19
494.75 196.5 201.58
495.84 197.5 202.02
496.9 197.5 202.45
497.95 197.75 202.89
499.0 198.25 203.32
500.05 198.75 203.75
501.1 198.75 204.19
502.15 199.5 204.62
503.21 199.5 205.05
504.26 200.5 205.48
505.31 200.75 205.92
506.36 201.25 206.35
507.41 201.5 206.78
508.47 202.0 207.22
509.52 202.25 207.65
510.61 203.0 207.94
511.66 203.0 208.09
512.72 203.5 208.24
513.77 203.75 208.4
514.82 203.75 208.55
515.87 204.75 208.7
516.92 205.5 208.86
517.97 205.0 209.01
519.03 206.25 209.17
520.08 206.0 209.32
521.13 206.5 209.47
522.18 207.0 209.63
523.23 207.25 209.78
524.29 207.25 209.93
525.34 208.0 210.09
526.39 207.75 210.24
527.44 208.25 210.39
528.49 208.25 210.55
529.54 208.5 210.7
530.6 208.25 210.85
531.65 209.0 211.01
532.7 209.0 211.16
533.75 208.75 211.31
534.8 209.25 211.47
535.86 209.5 211.62
536.91 209.5 211.77
537.96 208.75 211.93
539.01 209.5 212.08
540.06 210.0 212.23
541.12 209.25 212.39
542.17 209.75 212.54
543.22 210.0 212.69
544.27 209.25 212.85
545.32 209.75 213.0
546.38 210.0 213.15
547.43 210.25 213.31
548.48 210.5 213.46
549.53 210.75 213.61
550.58 210.75 213.77
551.64 211.25 213.92
552.69 211.25 214.07
553.74 211.25 214.23
554.79 210.5 214.38
555.84 211.5 214.53
556.89 211.0 214.69
557.95 211.75 214.84
559.0 211.0 214.99
560.09 211.75 215.08
561.14 211.75 214.32
562.2 212.25 213.57
563.25 212.5 212.81
564.3 212.5 212.06
565.42 212.25 211.25
566.51 212.75 210.47
567.61 212.75 209.69
568.7 212.5 208.9
569.79 212.75 208.12
570.89 212.75 207.33
571.98 212.75 206.55
573.07 212.75 205.77
574.17 211.75 204.98
575.26 210.5 204.2
576.35 209.75 203.41
577.45 208.25 202.63
578.54 207.0 201.85
579.63 206.0 201.06
580.73 204.0 200.28
581.82 203.0 199.49
582.91 201.75 198.71
584.01 201.5 197.93
585.1 200.25 197.14
586.19 200.0 196.36
587.28 199.25 195.57
588.38 198.25 194.79
589.47 197.25 194.01
590.57 196.5 193.22
591.66 195.75 192.44
592.75 194.5 191.65
593.85 194.0 190.87
594.94 193.5 190.08
596.03 192.75 189.3
597.13 191.75 188.52
598.22 191.25 187.73
599.31 190.5 186.95
600.41 189.5 186.16
601.5 188.0 185.38
602.59 188.0 184.6
603.68 186.5 183.81
604.78 185.5 183.03
605.87 185.75 182.25
606.97 184.75 181.46
608.06 184.75 180.68
609.15 184.25 179.89
610.24 183.25 179.11
611.34 182.25 178.33
612.43 182.0 177.54
613.52 182.0 176.76
614.62 181.0 175.97
615.71 179.5 175.19
616.8 178.25 174.41
617.9 178.0 173.62
618.99 177.75 172.84
620.08 177.0 172.05
621.18 177.0 171.27
622.27 176.25 170.48
623.37 175.25 169.7
624.46 175.0 168.92
625.55 174.0 168.13
626.64 173.5 167.35
627.74 172.5 166.56
628.83 172.0 165.78
629.92 171.5 165.0
631.02 170.75 164.21
632.11 169.75 163.43
633.2 169.0 162.64
634.3 168.25 161.86
635.39 167.75 161.08
636.48 167.25 160.29
637.57 166.75 159.51
638.67 166.5 158.73
639.76 165.75 157.94
640.85 165.5 157.16
641.95 165.0 156.37
643.04 163.75 155.59
644.13 163.25 154.81
645.23 163.0 154.02
646.32 162.0 153.24
647.41 161.5 152.45
648.51 160.75 151.67
649.6 160.0 150.89
650.69 160.25 150.1
651.79 159.25 149.32
652.88 159.0 148.53
653.97 158.25 147.75
655.07 158.25 146.97
656.16 157.25 146.18
657.25 157.0 145.4
658.35 156.5 144.61
659.44 155.5 143.83
660.53 154.75 143.05
661.63 154.75 142.26
662.72 154.0 141.48
663.81 154.0 140.69
664.91 153.0 139.91
666.0 152.75 139.12
667.09 151.75 138.34
668.19 151.75 137.56
669.28 150.5 136.77
670.38 150.25 135.98
