0.29 32.75
0.59 33.75
0.88 33.5
1.18 33.5
1.48 33.75
1.77 33.25
2.07 33.0
2.37 33.0
2.66 33.25
2.96 33.25
3.25 33.0
3.55 33.25
3.85 33.25
4.14 33.25
4.44 33.0
4.74 32.75
5.03 33.0
5.33 32.75
5.62 32.5
5.92 32.75
6.22 32.75
6.51 32.75
6.81 32.75
7.11 32.75
7.4 32.75
7.7 32.5
8.0 32.75
8.29 32.5
8.59 32.5
8.88 32.5
9.18 32.5
9.48 32.25
9.77 32.0
10.07 31.75
10.37 32.0
10.66 32.25
10.96 32.25
11.26 32.5
11.55 32.5
11.85 32.25
12.14 31.75
12.44 32.0
12.74 32.25
13.04 32.0
13.33 32.0
13.63 31.5
13.92 32.0
14.22 31.75
14.52 32.0
14.81 31.5
15.11 32.0
15.41 32.0
15.7 32.0
16.0 32.0
16.29 31.5
16.59 31.75
16.89 31.5
17.18 31.75
17.48 31.5
17.77 31.25
18.07 31.25
18.37 31.5
18.66 31.75
18.96 31.75
19.26 31.25
19.55 31.5
19.85 31.75
20.14 31.5
20.44 31.75
20.74 31.5
21.03 31.0
21.33 31.75
21.63 31.5
21.92 31.5
22.22 31.5
22.51 31.5
22.81 31.75
23.11 31.5
23.4 31.5
23.7 31.5
23.99 31.25
24.29 31.5
24.59 31.25
24.88 31.25
25.18 31.5
25.48 31.5
25.77 31.25
26.07 31.0
26.36 31.25
26.66 31.5
26.96 31.5
27.25 31.25
27.55 31.5
27.85 31.0
28.14 31.25
28.44 31.5
28.73 31.5
29.03 31.5
29.33 31.25
29.62 31.75
29.92 31.75
30.22 31.5
30.51 31.5
30.81 31.5
31.1 31.25
31.4 32.0
31.7 31.75
31.99 31.75
32.29 31.75
32.58 31.75
32.88 31.75
33.18 31.75
33.47 31.75
33.77 32.0
34.07 32.0
34.36 32.0
34.66 31.5
34.96 32.25
35.25 31.5
35.55 32.25
35.84 32.25
36.14 31.75
36.44 32.5
36.73 32.25
37.03 32.5
37.33 32.0
37.62 32.75
37.92 32.25
38.21 32.75
38.51 32.0
38.81 32.0
39.1 32.75
39.4 32.75
39.7 32.75
39.99 33.0
40.29 33.0
40.58 32.75
40.88 33.0
41.18 33.0
41.47 33.25
41.77 33.25
42.06 33.25
42.36 33.25
42.66 33.25
42.95 33.5
43.25 33.5
43.55 33.5
43.84 34.0
44.14 33.75
44.44 33.5
44.73 34.0
45.03 34.25
45.32 33.75
45.62 34.25
45.92 34.25
46.21 34.25
46.51 34.5
46.81 34.0
47.1 34.25
47.4 34.75
47.69 34.75
47.99 34.5
48.29 34.25
48.58 35.25
48.88 35.0
49.18 35.25
49.47 35.5
49.77 35.5
50.07 35.5
50.36 35.75
50.66 35.75
50.95 35.5
51.25 35.5
51.55 35.75
51.84 36.0
52.14 36.0
52.44 36.75
52.73 36.75
53.03 36.75
53.33 36.75
53.62 37.25
53.92 36.25
54.21 37.25
54.51 37.5
54.81 37.5
55.1 37.25
55.4 38.0
55.7 38.0
55.99 37.75
56.29 37.75
56.59 38.25
56.88 38.25
57.18 38.5
57.47 38.75
57.77 38.5
58.07 38.75
58.36 39.25
58.66 39.25
58.96 39.5
59.25 40.0
59.55 40.0
59.84 40.0
60.14 40.25
60.44 40.5
60.73 40.75
61.03 40.25
61.32 40.5
61.62 40.5
61.92 41.5
62.21 41.25
62.51 41.25
62.81 41.25
63.1 42.0
63.4 42.5
63.7 42.25
63.99 42.5
64.29 42.75
64.58 42.5
64.88 42.75
65.18 43.0
65.47 43.25
65.77 43.75
66.07 43.75
66.36 44.25
66.66 44.25
66.95 44.5
67.25 44.0
67.55 45.0
67.84 44.75
68.14 45.0
68.44 45.5
68.73 45.75
69.03 46.0
69.32 45.75
69.62 46.5
69.92 46.75
70.21 46.75
70.51 47.0
70.81 46.75
71.1 47.5
71.4 47.25
71.69 48.0
71.99 48.25
72.29 48.5
72.58 48.5
72.88 49.0
73.18 49.25
73.47 49.25
73.77 49.25
74.06 50.0
74.36 50.0
74.66 50.25
74.95 49.75
75.25 50.5
75.55 51.0
75.84 51.25
76.14 51.5
76.43 51.75
76.73 52.25
77.03 52.5
77.32 52.75
77.62 52.5
77.92 53.0
78.21 53.25
78.51 54.0
78.8 53.75
79.1 53.75
79.4 54.5
79.69 54.25
79.99 54.75
80.29 55.0
80.58 55.0
80.88 55.75
81.17 56.0
81.47 56.5
81.77 56.5
82.06 56.75
82.36 57.0
82.66 57.0
82.95 57.5
83.25 57.5
83.55 58.25
83.84 58.5
84.14 58.75
84.43 59.0
84.73 59.0
85.03 59.5
85.32 60.0
85.62 60.25
85.91 60.0
86.21 60.75
86.51 61.0
86.8 61.5
87.1 61.75
87.4 62.0
87.69 62.25
87.99 62.25
88.29 63.0
88.58 63.25
88.88 63.5
89.18 63.0
89.47 64.0
89.77 64.5
90.06 64.75
90.36 64.75
90.66 65.5
90.95 65.75
91.25 66.0
91.55 66.0
91.84 66.75
92.14 66.5
92.43 67.25
92.73 67.75
93.03 68.0
93.32 67.75
93.62 68.5
93.92 69.0
94.21 69.0
94.51 69.25
94.81 69.5
95.1 69.5
95.4 70.5
95.69 71.0
95.99 70.75
96.29 71.5
96.58 72.25
96.88 72.25
97.18 72.25
97.47 73.0
97.77 73.0
98.07 73.5
98.36 74.0
98.66 74.25
98.95 74.5
99.25 74.5
99.55 74.75
99.84 75.5
100.14 75.5
100.44 76.25
100.73 76.0
101.03 76.75
101.33 77.0
101.62 77.5
101.92 78.0
102.21 78.25
102.51 78.5
102.81 79.0
103.1 78.5
103.4 79.75
103.7 80.0
103.99 80.0
104.29 80.75
104.58 80.75
104.88 80.75
105.18 82.0
105.47 82.25
105.77 82.5
106.07 82.5
106.36 83.25
106.66 83.25
106.95 84.0
107.25 84.25
107.55 84.25
107.84 84.75
108.14 85.0
108.44 85.5
108.73 86.25
109.03 86.5
109.32 86.25
109.62 87.0
109.92 87.25
110.21 87.5
110.51 88.0
110.8 88.25
111.1 88.5
111.4 88.75
111.69 89.25
111.99 89.75
112.29 90.0
112.58 90.5
112.88 90.75
113.17 90.5
113.47 91.25
113.77 91.5
114.06 91.5
114.36 92.0
114.65 92.0
114.95 92.75
115.25 93.0
115.54 93.25
115.84 93.5
116.14 93.75
116.43 94.0
116.73 94.5
117.03 94.75
117.32 94.75
117.62 95.0
117.91 95.5
118.21 95.75
118.51 96.0
118.8 96.0
119.1 96.5
119.4 97.0
119.69 97.25
119.99 97.25
120.28 98.0
120.58 98.5
120.88 98.5
121.17 98.5
121.47 99.0
121.77 99.5
122.06 99.5
122.36 100.0
122.65 100.5
122.95 100.5
123.25 100.5
123.54 101.5
123.84 101.25
124.14 102.0
124.43 102.25
124.73 102.5
125.02 102.5
125.32 102.5
125.62 103.5
125.91 103.0
126.21 103.5
126.51 104.0
126.8 104.75
127.1 104.5
127.39 105.0
127.69 105.25
127.99 105.0
128.28 105.75
128.58 106.0
128.88 106.5
129.17 106.5
129.47 107.0
129.76 107.0
130.06 107.25
130.36 108.0
130.65 107.75
130.95 108.25
131.25 108.5
131.54 108.75
131.84 109.0
132.13 109.25
132.43 109.5
132.73 109.75
133.02 110.0
133.32 110.25
133.62 110.75
133.91 110.75
134.21 111.0
134.5 111.5
134.8 111.5
135.1 111.75
135.39 111.75
135.69 112.0
135.99 112.75
136.28 112.75
136.58 112.75
136.87 113.5
137.17 113.5
137.47 113.25
137.76 114.25
138.06 114.0
138.36 114.5
138.65 114.75
138.95 115.0
139.24 115.25
139.54 115.5
139.84 115.5
140.13 116.0
140.43 116.25
140.73 116.25
141.02 116.5
141.32 116.75
141.62 117.0
141.91 117.25
142.21 117.25
142.5 117.5
142.8 117.75
143.1 118.25
143.39 118.75
143.69 118.5
143.99 118.5
144.28 119.25
144.58 119.5
144.87 119.5
145.17 119.75
145.47 120.0
145.76 120.25
146.06 120.0
146.36 120.25
146.65 121.0
146.95 121.0
147.25 121.25
147.54 121.25
147.84 121.25
148.13 122.0
148.43 122.0
148.73 122.25
149.02 122.5
149.32 122.5
149.61 123.0
149.91 123.0
150.21 123.0
150.5 123.0
150.8 124.0
151.1 123.75
151.39 123.75
151.69 123.75
151.98 124.75
152.28 124.5
152.58 124.5
152.87 124.75
153.17 125.25
153.47 124.75
153.76 125.5
154.06 125.25
154.35 125.75
154.65 126.0
154.95 126.25
155.24 126.25
155.54 126.25
155.84 126.5
156.13 126.75
156.43 127.0
156.73 126.75
157.02 127.25
157.32 127.25
157.61 126.75
157.91 127.5
158.21 127.25
158.5 127.75
158.8 128.0
159.1 128.0
159.39 128.25
159.69 128.0
159.98 128.5
160.28 128.0
160.58 128.75
160.87 128.5
161.17 128.75
161.47 129.0
161.76 129.0
162.06 128.75
162.35 129.25
162.65 129.5
162.95 129.25
163.24 129.0
163.54 129.25
163.84 129.5
164.13 128.75
164.43 129.75
164.72 129.75
165.02 129.5
165.32 129.75
165.61 129.25
165.91 129.5
166.2 129.5
166.5 129.75
166.8 129.75
167.09 130.0
167.39 129.75
167.69 130.0
167.98 129.5
168.28 129.5
168.57 130.0
168.87 130.25
169.17 130.0
169.46 130.25
169.76 129.75
170.05 130.0
170.35 130.25
170.65 130.0
170.94 130.5
171.24 129.75
171.54 130.25
171.83 130.0
172.13 130.5
172.42 130.25
172.72 130.25
173.02 130.25
173.31 130.25
173.61 130.5
173.91 130.5
174.2 130.5
174.5 130.25
174.79 129.75
175.09 130.25
175.39 130.5
175.68 130.5
175.98 130.5
176.28 130.5
176.57 130.5
176.87 130.25
177.16 130.5
177.46 130.75
177.76 130.25
178.05 130.75
178.35 130.75
178.65 130.5
178.94 130.0
179.24 130.5
179.53 130.75
179.83 130.5
180.13 131.0
180.42 130.25
180.72 131.0
181.02 130.75
181.31 130.75
181.61 130.5
181.9 130.75
182.2 130.5
182.5 131.0
182.79 131.0
183.09 130.5
183.39 130.75
183.68 131.0
183.98 131.0
184.27 130.75
184.57 130.25
184.87 130.5
185.16 130.25
185.46 131.0
185.76 131.25
186.05 131.0
186.35 131.25
186.64 131.25
186.94 130.75
187.24 131.25
187.53 131.25
187.83 131.25
188.13 131.25
188.42 131.25
188.72 131.25
189.02 131.5
189.31 131.25
189.61 131.25
189.9 131.0
190.2 131.0
190.5 131.5
190.79 131.75
191.09 131.25
191.39 131.5
191.68 131.5
191.98 131.75
192.28 131.5
192.57 131.75
192.87 131.0
193.16 131.0
193.46 131.5
193.76 131.5
194.05 131.0
194.35 131.75
194.65 131.75
194.94 131.5
195.24 131.75
195.53 131.75
195.83 131.75
196.13 131.25
196.42 131.75
196.72 131.75
197.01 131.75
197.31 131.75
197.61 131.75
197.9 131.5
198.2 131.5
198.5 131.75
198.79 131.5
199.09 131.75
199.38 132.0
199.68 131.75
199.98 131.25
200.27 131.25
200.57 131.75
200.87 131.75
201.16 131.25
201.46 131.75
201.76 131.75
202.05 131.0
202.35 131.5
202.64 132.0
202.94 131.25
203.24 131.5
203.53 131.75
203.83 131.0
204.13 131.75
204.42 131.75
204.72 131.75
205.01 131.75
205.31 131.75
205.61 131.75
205.9 131.75
206.2 131.25
206.5 131.75
206.79 131.75
207.09 131.75
207.38 131.75
207.68 132.0
207.98 131.25
208.27 131.75
208.57 131.75
208.87 131.5
209.16 131.75
209.46 131.75
209.75 131.75
210.05 131.5
210.35 131.25
210.64 131.75
210.94 131.75
211.24 131.75
211.53 131.75
211.83 131.75
212.13 131.5
212.42 131.75
212.72 131.75
213.01 131.75
213.31 131.75
213.61 131.75
213.9 131.75
214.2 131.75
214.5 131.75
214.79 132.0
215.09 131.75
215.38 131.75
215.68 132.0
215.98 131.5
216.27 132.25
216.57 132.5
216.87 132.75
217.16 133.25
217.46 134.75
217.75 136.25
218.05 137.5
218.35 139.0
218.64 140.25
218.94 141.25
219.24 142.25
219.53 142.75
219.83 143.75
220.12 144.5
220.42 145.25
220.72 145.75
221.01 146.5
221.31 147.5
221.61 148.25
221.9 149.0
222.2 149.75
222.49 150.25
222.79 151.5
223.09 152.5
223.38 153.25
223.68 154.0
223.98 154.75
224.27 155.5
224.57 156.0
224.86 156.75
225.16 157.5
225.46 158.0
225.75 158.75
226.05 159.0
226.35 160.75
226.64 161.0
226.94 161.5
227.23 162.5
227.53 163.25
227.83 163.75
228.12 164.25
228.42 164.75
228.72 165.75
229.01 166.75
229.31 167.5
229.6 167.75
229.9 168.75
230.2 169.5
230.49 169.75
230.79 171.0
231.09 171.0
231.38 171.75
231.68 172.75
231.97 173.25
232.27 174.25
232.57 174.5
232.86 175.5
233.16 176.0
233.46 176.5
233.75 176.25
234.05 177.75
234.34 177.5
234.64 178.75
234.94 179.0
235.23 179.75
235.53 180.25
235.83 180.75
236.12 181.25
236.42 181.75
236.71 182.0
237.01 182.5
237.31 182.75
237.6 183.5
237.9 184.0
238.2 184.25
238.49 184.75
238.79 185.0
239.08 185.0
239.38 186.0
239.68 186.5
239.97 186.25
240.27 187.0
240.57 187.5
240.86 187.5
241.16 188.25
241.45 188.5
241.75 188.75
242.05 189.5
242.34 189.75
242.64 190.0
242.94 190.25
243.23 190.75
243.53 191.0
243.83 191.5
244.12 191.25
244.42 192.0
244.71 192.5
245.01 192.75
245.31 193.0
245.6 193.5
245.9 193.25
246.2 194.0
246.49 193.5
246.79 194.5
247.08 194.75
247.38 195.0
247.68 195.0
247.97 195.75
248.27 196.0
248.57 195.75
248.86 196.75
249.16 196.75
249.45 196.75
249.75 197.75
250.05 197.5
250.34 197.75
250.64 198.25
250.94 198.5
251.23 198.75
251.53 199.0
251.82 199.5
252.12 199.25
252.42 200.0
252.71 199.75
253.01 200.25
253.31 200.75
253.6 200.25
253.9 201.0
254.19 201.25
254.49 201.5
254.79 201.75
255.08 202.0
255.38 202.0
255.68 202.75
255.97 203.0
256.27 202.75
256.56 203.0
256.86 203.75
257.16 203.25
257.45 204.0
257.75 204.5
258.05 204.5
258.34 204.5
258.64 204.75
258.93 204.75
259.23 205.25
259.53 205.5
259.82 205.75
260.12 206.0
260.42 206.0
260.71 206.75
261.01 206.75
261.3 207.0
261.6 207.0
261.9 207.5
262.19 207.75
262.49 207.25
262.79 208.0
263.08 207.5
263.38 208.5
263.68 208.75
263.97 208.5
264.27 209.25
264.56 209.5
264.86 209.25
265.16 209.5
265.45 209.75
265.75 209.5
266.04 210.0
266.34 210.25
266.64 210.75
266.93 210.75
267.23 211.0
267.53 211.0
267.82 211.5
268.12 211.75
268.41 212.0
268.71 211.75
269.01 211.75
269.3 212.25
269.6 212.5
269.9 212.75
270.19 213.0
270.49 213.0
270.78 213.5
271.08 213.25
271.38 213.75
271.67 213.5
271.97 214.25
272.27 214.0
272.56 214.25
272.86 214.5
273.15 214.25
273.45 215.0
273.75 215.0
274.04 215.0
274.34 215.0
274.63 215.75
274.93 215.5
275.23 215.5
275.52 215.75
275.82 216.0
276.12 216.25
276.41 216.5
276.71 216.75
277.0 216.5
277.3 216.75
277.6 216.75
277.89 217.0
278.19 216.5
278.49 217.25
278.78 217.5
279.08 217.5
279.38 218.0
279.67 218.25
279.97 217.75
280.27 217.75
280.56 218.25
280.86 218.75
281.15 219.0
281.45 219.0
281.75 219.25
282.04 219.25
282.34 219.5
282.64 219.5
282.93 219.25
283.23 219.25
283.53 219.75
283.82 219.75
284.12 220.0
284.41 220.25
284.71 220.25
285.01 220.75
285.3 220.5
285.6 220.75
285.9 220.5
286.19 221.0
286.49 221.0
286.78 221.25
287.08 221.25
287.38 221.0
287.67 221.25
287.97 221.25
288.27 221.5
288.56 221.5
288.86 222.0
289.15 222.25
289.45 222.0
289.75 222.0
290.04 222.5
290.34 222.5
290.64 222.75
290.93 222.5
291.23 222.25
291.53 223.25
291.82 223.0
292.12 223.5
292.41 223.25
292.71 223.0
293.01 223.0
293.3 223.75
293.6 223.5
293.9 223.75
294.19 223.75
294.49 223.75
294.78 224.0
295.08 224.0
295.38 223.5
295.67 224.25
295.97 224.5
296.27 224.5
296.56 224.25
296.86 224.25
297.15 225.25
297.45 224.75
297.75 224.75
298.04 225.0
298.34 225.25
298.64 225.0
298.93 225.25
299.23 225.0
299.52 225.0
299.82 225.0
300.12 225.5
300.41 225.0
300.71 225.0
301.01 225.75
301.3 225.25
301.6 226.0
301.9 225.25
302.19 226.25
302.49 225.75
302.78 226.25
303.08 226.5
303.38 226.25
303.67 226.25
303.97 226.5
304.27 226.25
304.56 225.75
304.86 226.75
305.15 226.75
305.45 226.75
305.75 226.75
306.04 227.0
306.34 226.0
306.64 226.75
306.93 226.5
307.23 226.75
307.52 226.75
307.82 226.5
308.12 226.0
308.41 227.25
308.71 227.25
309.01 227.0
309.3 226.75
309.6 227.5
309.89 227.5
310.19 227.5
310.49 227.5
310.78 227.0
311.08 227.5
311.38 227.75
311.67 227.25
311.97 227.75
312.26 227.5
312.56 227.5
312.86 227.25
313.15 227.75
313.45 227.75
313.74 227.5
314.04 227.75
314.34 227.75
314.63 227.5
314.93 228.0
315.23 228.0
315.52 228.0
315.82 228.0
316.12 228.25
316.41 228.0
316.71 227.25
317.0 228.25
317.3 227.5
317.6 228.25
317.89 227.75
318.19 228.0
318.49 228.0
318.78 228.25
319.08 228.25
319.37 228.25
319.67 228.25
319.97 228.25
320.26 228.25
320.56 228.0
320.86 228.25
321.15 228.25
321.45 228.0
321.74 228.25
322.04 228.0
322.34 228.5
322.63 227.75
322.93 227.75
323.23 227.75
323.52 228.0
323.82 227.5
324.12 228.0
324.41 228.5
324.71 228.25
325.0 227.5
325.3 227.75
325.6 228.0
325.89 228.25
326.19 228.25
326.49 228.25
326.78 228.25
327.08 228.5
327.38 228.0
327.67 227.75
327.97 228.5
328.26 227.75
328.56 227.5
328.86 227.75
329.15 228.0
329.45 227.5
329.75 228.25
330.04 228.0
330.34 228.25
330.64 227.75
330.93 228.0
331.23 228.0
331.52 227.75
331.82 227.75
332.12 228.25
332.41 228.25
332.71 228.0
333.01 228.0
333.3 227.5
333.6 228.0
333.89 227.5
334.19 228.25
334.49 228.0
334.78 228.0
335.08 228.0
335.38 228.0
335.67 228.0
335.97 228.0
336.27 227.5
336.56 227.5
336.86 228.0
337.15 227.75
337.45 227.75
337.75 227.75
338.04 227.75
338.34 227.75
338.64 227.5
338.93 227.5
339.23 227.5
339.52 227.5
339.82 227.5
340.12 227.5
340.41 227.0
340.71 227.5
341.01 227.5
341.3 227.5
341.6 227.0
341.9 227.0
342.19 227.25
342.49 226.5
342.78 227.25
343.08 227.25
343.38 227.25
343.67 227.0
343.97 226.75
344.27 227.0
344.56 226.5
344.86 227.0
345.15 227.0
345.45 227.0
345.75 226.75
346.04 226.25
346.34 226.75
346.64 226.75
346.93 226.25
347.23 226.25
347.53 226.75
347.82 226.25
348.12 226.25
348.41 226.0
348.71 226.0
349.01 226.0
349.3 226.0
349.6 225.5
349.9 225.75
350.19 226.0
350.49 225.75
350.79 225.75
351.08 226.0
351.38 225.75
351.67 225.75
351.97 225.75
352.27 225.5
352.56 225.75
352.86 225.75
353.16 225.5
353.45 225.5
353.75 225.25
354.04 225.5
354.34 225.0
354.64 225.25
354.93 224.75
355.23 225.25
355.52 224.75
355.82 225.25
356.12 225.0
356.41 224.75
356.71 224.75
357.01 225.0
357.3 225.0
357.6 224.75
357.9 224.5
358.19 224.25
358.49 224.25
358.78 224.25
359.08 224.0
359.38 223.25
359.67 224.25
359.97 223.75
360.27 224.0
360.56 224.25
360.86 224.0
361.16 223.5
361.45 223.5
361.75 223.5
362.04 223.5
362.34 223.0
362.64 223.5
362.93 223.0
363.23 223.25
363.53 223.5
363.82 223.0
364.12 223.5
364.41 223.25
364.71 223.0
365.01 223.25
365.3 223.0
365.6 223.0
365.9 222.0
366.19 222.5
366.49 222.75
366.79 222.25
367.08 222.25
367.38 222.5
367.67 222.5
367.97 222.5
368.27 222.25
368.56 222.25
368.86 221.75
369.16 221.75
369.45 222.0
369.75 221.75
370.05 221.0
370.34 221.25
370.64 221.5
370.93 221.75
371.23 221.25
371.53 221.5
371.82 221.0
372.12 221.0
372.42 221.0
372.71 220.5
373.01 220.75
373.3 221.0
373.6 220.25
373.9 220.75
374.19 220.5
374.49 220.75
374.79 220.75
375.08 220.5
375.38 220.25
375.67 220.25
375.97 219.25
376.27 219.75
376.56 220.0
376.86 219.75
377.16 219.5
377.45 219.75
377.75 219.5
378.04 219.75
378.34 219.5
378.64 219.0
378.93 219.5
379.23 219.25
379.53 219.0
379.82 218.75
380.12 219.0
380.42 219.0
380.71 218.75
381.01 218.75
381.31 218.5
381.6 218.5
381.9 218.5
382.19 218.0
382.49 218.5
382.79 218.0
383.08 218.25
383.38 218.25
383.68 218.0
383.97 217.25
384.27 217.5
384.56 217.5
384.86 217.75
385.16 217.25
385.45 217.5
385.75 217.5
386.05 217.0
386.34 216.75
386.64 217.25
386.93 216.75
387.23 217.0
387.53 217.0
387.82 216.25
388.12 216.75
388.42 216.25
388.71 216.25
389.01 216.5
389.3 216.25
389.6 216.0
389.9 216.0
390.19 215.75
390.49 215.5
390.79 215.75
391.08 215.25
391.38 215.5
391.68 215.25
391.97 215.25
392.27 215.25
392.56 214.75
392.86 215.0
393.16 215.0
393.45 214.75
393.75 214.75
394.05 214.5
394.34 214.25
394.64 213.75
394.93 214.0
395.23 214.25
395.53 214.25
395.82 213.5
396.12 214.0
396.42 213.5
396.71 213.5
397.01 213.5
397.3 213.5
397.6 213.0
397.9 213.25
398.19 213.0
398.49 213.0
398.79 212.75
399.08 212.75
399.38 212.5
399.67 212.5
399.97 212.0
400.27 212.25
400.56 211.75
400.86 212.0
401.16 211.0
401.45 211.0
401.75 210.75
402.04 210.75
402.34 210.5
402.64 210.25
402.93 209.75
403.23 209.75
403.52 209.75
403.82 209.75
404.12 209.5
404.42 209.5
404.71 209.0
405.01 209.0
405.3 208.0
405.6 208.0
405.9 208.25
406.19 207.75
406.49 207.0
406.79 206.75
407.08 207.25
407.38 207.0
407.67 206.5
407.97 206.5
408.27 206.0
408.56 205.75
408.86 205.75
409.16 204.75
409.45 205.0
409.75 204.75
410.05 204.5
410.34 203.75
410.64 203.5
410.93 203.75
411.23 203.5
411.53 203.25
411.82 203.0
412.12 202.5
412.42 202.25
412.71 202.25
413.01 201.75
413.31 201.5
413.6 201.0
413.9 201.0
414.19 200.75
414.49 200.5
414.79 200.0
415.08 199.75
415.38 199.5
415.68 199.0
415.97 198.75
416.27 198.5
416.56 198.25
416.86 198.0
417.16 197.75
417.45 196.75
417.75 197.0
418.05 196.75
418.34 196.25
418.64 196.0
418.93 195.5
419.23 196.0
419.53 195.5
419.82 195.0
420.12 194.75
420.42 194.5
420.71 194.0
421.01 193.75
421.31 193.5
421.6 193.25
421.9 193.0
422.19 192.5
422.49 192.5
422.79 191.5
423.08 191.75
423.38 191.0
423.68 190.5
423.97 190.75
424.27 189.75
424.56 189.75
424.86 189.75
425.16 189.5
425.45 189.0
425.75 188.5
426.05 188.5
426.34 188.25
426.64 188.0
426.94 187.5
427.23 187.25
427.53 187.0
427.82 186.75
428.12 186.5
428.42 186.0
428.71 185.5
429.01 185.25
429.31 185.25
429.6 184.75
429.9 184.25
430.19 184.0
430.49 183.75
430.79 183.0
431.08 182.5
431.38 183.0
431.68 182.0
431.97 182.0
432.27 182.0
432.57 181.0
432.86 180.5
433.16 180.5
433.45 180.25
433.75 180.0
434.05 179.75
434.34 179.0
434.64 179.25
434.94 178.5
435.23 178.25
435.53 178.0
435.82 177.5
436.12 177.25
436.42 176.5
436.71 176.0
437.01 176.0
437.31 175.75
437.6 175.5
437.9 175.0
438.2 174.75
438.49 174.25
438.79 173.5
439.08 173.5
439.38 173.25
439.68 172.75
439.97 172.5
440.27 172.25
440.57 172.0
440.86 171.75
441.16 171.25
441.45 170.5
441.75 170.75
442.05 170.25
442.34 169.75
442.64 169.75
442.94 169.25
443.23 169.0
443.53 168.75
443.83 168.75
444.12 167.25
444.42 167.5
444.71 167.5
445.01 167.25
445.31 166.75
445.6 166.5
445.9 166.0
446.2 165.75
446.49 165.5
446.79 165.0
447.09 164.75
447.38 164.5
447.68 164.0
447.98 164.0
448.27 163.5
448.57 162.75
448.86 163.0
449.16 162.75
449.46 162.5
449.75 162.0
450.05 161.75
450.34 161.25
450.64 161.25
450.94 160.75
451.23 160.5
451.53 160.25
451.83 160.0
452.12 159.75
452.42 158.75
452.72 159.0
453.01 158.75
453.31 158.5
453.6 158.25
453.9 157.75
454.2 157.5
454.49 157.5
454.79 157.0
455.09 156.75
455.38 156.0
455.68 156.25
455.98 156.0
456.27 155.25
456.57 155.25
456.86 154.75
457.16 154.75
457.46 154.5
457.75 154.25
458.05 154.0
458.35 153.75
458.64 153.25
458.94 153.25
459.23 152.75
459.53 152.5
459.83 152.0
460.12 151.5
460.42 151.5
460.72 151.25
461.01 151.25
461.31 150.75
461.61 150.5
461.9 149.75
462.2 150.0
462.49 149.5
462.79 149.5
463.09 149.25
463.38 148.75
463.68 148.75
463.98 148.25
464.27 148.0
464.57 147.5
464.86 147.0
465.16 147.0
465.46 147.0
465.75 146.75
466.05 146.75
466.35 146.0
466.64 145.5
466.94 145.5
467.23 145.25
467.53 144.5
467.83 144.75
468.12 144.25
468.42 144.0
468.72 143.75
469.01 143.5
469.31 143.25
469.61 143.0
469.9 142.75
470.2 142.25
470.49 142.0
470.79 142.0
471.09 141.75
471.38 141.25
471.68 140.5
471.98 141.25
472.27 140.75
472.57 140.75
472.86 140.0
473.16 140.0
473.46 139.25
473.75 139.25
474.05 139.25
474.35 138.5
474.64 138.5
474.94 138.0
475.23 138.0
475.53 137.75
475.83 137.25
476.12 136.75
476.42 136.5
476.72 136.0
477.01 135.75
477.31 135.75
477.6 135.0
477.9 135.25
478.2 135.0
478.49 134.5
478.79 134.25
479.09 134.0
479.38 133.75
479.68 133.75
479.98 133.25
480.27 133.0
480.57 132.75
480.86 132.5
481.16 132.0
481.46 132.0
481.75 131.75
482.05 131.75
482.34 131.5
482.64 131.0
482.94 130.75
483.23 130.75
483.53 130.5
483.83 130.25
484.12 129.25
484.42 130.0
484.72 169.25
485.01 530.25
485.31 129.25
