0.29 23.75
0.59 24.0
0.88 23.75
1.18 23.75
1.48 24.25
1.77 24.0
2.07 24.25
2.37 24.25
2.66 24.25
2.96 23.75
3.26 24.25
3.55 24.25
3.85 24.25
4.14 23.75
4.44 24.5
4.74 24.25
5.03 24.25
5.33 24.25
5.63 24.5
5.92 24.0
6.22 24.25
6.52 24.5
6.81 24.0
7.11 24.0
7.41 24.5
7.71 24.5
8.0 24.5
8.3 24.5
8.6 24.25
8.89 24.25
9.19 25.0
9.49 24.75
9.78 24.5
10.08 24.5
10.38 24.5
10.68 25.0
10.97 24.5
11.27 24.75
11.57 25.0
11.87 25.0
12.17 25.0
12.46 24.75
12.76 25.0
13.06 24.75
13.36 25.5
13.65 25.5
13.95 25.25
14.25 25.0
14.55 25.25
14.84 24.75
15.14 25.0
15.44 25.25
15.74 25.25
16.03 25.5
16.33 25.75
16.63 25.25
16.93 25.25
17.23 25.75
17.52 25.25
17.82 25.5
18.12 25.75
18.42 25.5
18.71 25.5
19.01 25.75
19.31 25.75
19.61 25.5
19.91 26.0
20.2 26.25
20.5 25.75
20.8 26.25
21.1 26.0
21.4 26.25
21.69 26.25
21.99 26.5
22.29 26.0
22.59 26.25
22.89 26.0
23.19 26.25
23.49 26.75
23.78 26.25
24.08 26.25
24.38 26.75
24.68 26.75
24.97 26.75
25.27 26.75
25.57 26.25
25.87 27.0
26.16 27.0
26.46 27.0
26.76 27.0
27.06 27.25
27.35 27.0
27.65 27.25
27.95 27.5
28.25 27.0
28.54 27.25
28.84 27.75
29.14 27.75
29.44 27.75
29.73 27.75
30.03 28.25
30.33 27.75
30.63 27.5
30.92 28.25
31.22 28.25
31.52 27.75
31.82 28.0
32.12 27.75
32.41 28.25
32.71 28.5
33.01 28.5
33.31 28.75
33.6 28.5
33.9 28.75
34.21 28.75
34.5 29.0
34.8 29.0
35.1 29.0
35.4 29.0
35.7 29.25
35.99 29.25
36.29 29.0
36.59 29.25
36.89 29.0
37.19 29.5
37.48 29.75
37.78 30.0
38.08 30.0
38.38 29.5
38.67 30.25
38.97 30.25
39.27 30.25
39.57 30.25
39.87 30.5
40.16 30.25
40.46 30.5
40.76 30.75
41.06 30.5
41.35 30.75
41.65 31.0
41.95 31.0
42.25 30.75
42.55 31.0
42.84 31.25
43.14 31.0
43.44 31.25
43.74 31.25
44.04 31.75
44.34 31.25
44.63 31.75
44.93 32.0
45.23 32.0
45.53 32.0
45.83 32.25
46.12 32.0
46.42 32.25
46.72 32.5
47.02 32.75
47.32 32.5
47.61 32.75
47.91 33.0
48.21 32.5
48.51 33.0
48.81 33.25
49.1 33.25
49.4 33.5
49.7 33.0
50.0 33.25
50.29 33.75
50.59 33.75
50.89 33.5
51.19 33.5
51.49 34.25
51.78 33.25
52.08 34.5
52.38 34.5
52.68 34.5
52.97 34.5
53.27 35.0
53.57 35.0
53.87 35.0
54.16 34.75
54.46 35.25
54.76 35.5
55.06 35.0
55.35 35.75
55.65 35.5
55.95 35.5
56.25 36.0
56.54 36.0
56.84 36.0
57.14 36.5
57.44 36.5
57.73 36.5
58.03 36.25
58.33 36.75
58.63 37.0
58.92 37.0
59.22 37.0
59.52 37.25
59.82 37.0
60.11 37.5
60.41 37.5
60.71 37.75
61.01 38.0
61.3 37.5
61.6 37.75
61.9 38.75
62.2 38.5
62.49 38.5
62.79 38.75
63.09 38.75
63.39 39.0
63.68 39.0
63.98 39.25
64.28 39.5
64.58 39.5
64.87 39.5
65.17 39.5
65.47 40.0
65.77 40.0
66.07 40.25
66.37 40.5
66.66 40.5
66.96 40.5
67.26 40.5
67.56 41.0
67.85 41.0
68.15 40.75
68.45 41.25
68.75 41.5
69.04 41.25
69.34 41.75
69.64 41.75
69.94 42.0
70.23 42.0
70.53 42.5
70.83 42.5
71.13 42.75
71.42 42.75
71.72 42.75
72.02 42.75
72.32 43.25
72.61 43.5
72.91 43.25
73.21 43.25
73.51 43.75
73.8 43.75
74.1 43.75
74.4 43.75
74.7 44.25
75.0 44.25
75.29 44.25
75.59 45.0
75.89 45.0
76.19 44.75
76.48 45.25
76.78 45.25
77.08 45.25
77.38 45.5
77.67 46.0
77.97 45.75
78.27 46.5
78.57 46.25
78.86 46.5
79.16 46.75
79.46 46.5
79.76 47.0
80.05 46.5
80.35 47.25
80.65 47.5
80.95 47.75
81.24 47.5
81.54 48.25
81.84 47.75
82.14 48.5
82.43 48.5
82.73 48.5
83.03 48.75
83.33 49.0
83.62 49.25
83.92 49.5
84.22 49.5
84.52 49.75
84.81 50.25
85.11 50.0
85.41 50.25
85.71 50.5
86.0 50.5
86.3 51.0
86.6 51.0
86.9 50.75
87.19 51.25
87.49 50.75
87.79 51.25
88.09 51.5
88.38 52.0
88.68 52.0
88.98 52.25
89.28 52.75
89.57 52.25
89.87 52.5
90.17 53.0
90.47 52.5
90.76 53.5
91.06 53.75
91.36 53.5
91.66 53.75
91.95 54.0
92.25 54.25
92.55 54.25
92.85 54.5
93.14 54.5
93.44 54.75
93.74 55.0
94.04 55.5
94.33 55.75
94.63 55.25
94.93 55.75
95.23 56.0
95.52 56.25
95.82 56.5
96.12 56.5
96.42 56.5
96.71 57.25
97.01 57.25
97.31 57.75
97.61 57.5
97.9 57.75
98.2 57.75
98.5 58.25
98.8 58.5
99.09 58.25
99.39 58.0
99.69 58.75
99.99 59.25
100.28 59.25
100.58 59.5
100.88 59.75
101.18 60.0
101.47 59.5
101.77 60.0
102.07 60.5
102.37 60.75
102.66 60.75
102.96 61.25
103.26 61.0
103.56 61.5
103.85 61.75
104.15 62.0
104.45 61.75
104.75 62.5
105.05 62.5
105.34 62.75
105.64 63.0
105.94 62.75
106.23 63.5
106.53 63.5
106.83 63.5
107.13 64.0
107.42 64.25
107.72 64.5
108.02 64.5
108.32 64.75
108.62 64.5
108.91 65.25
109.21 65.5
109.51 65.25
109.81 65.75
110.1 65.75
110.4 66.0
110.7 66.25
111.0 66.5
111.29 67.0
111.59 67.25
111.89 67.0
112.19 67.0
112.48 67.0
112.78 67.75
113.08 67.75
113.38 67.75
113.67 68.25
113.97 68.0
114.27 68.75
114.57 69.25
114.86 69.0
115.16 69.5
115.46 69.5
115.76 70.0
116.05 70.25
116.35 70.5
116.65 71.0
116.95 71.0
117.24 71.25
117.54 71.5
117.84 71.75
118.14 71.75
118.44 72.0
118.73 72.5
119.03 72.25
119.33 72.75
119.62 73.0
119.92 73.0
120.22 73.5
120.52 73.75
120.82 73.75
121.11 74.0
121.41 74.25
121.71 74.5
122.01 74.25
122.3 74.5
122.6 75.25
122.9 75.25
123.2 75.5
123.49 75.75
123.79 75.75
124.09 76.25
124.39 76.5
124.68 76.25
124.98 77.0
125.28 77.25
125.58 77.0
125.87 77.75
126.17 78.0
126.47 78.25
126.77 78.25
127.06 78.5
127.36 78.25
127.66 79.0
127.96 78.5
128.25 79.25
128.55 79.0
128.85 79.5
129.15 79.75
129.44 80.0
129.74 80.25
130.04 80.75
130.34 81.0
130.63 81.25
130.93 81.5
131.23 81.0
131.53 82.0
131.82 82.25
132.12 82.5
132.42 83.0
132.72 83.0
133.01 83.25
133.31 83.5
133.61 83.25
133.91 83.5
134.2 84.0
134.5 84.25
134.8 84.25
135.1 84.75
135.39 84.5
135.69 85.0
135.99 85.25
136.29 85.25
136.58 85.5
136.88 86.0
137.18 86.25
137.48 86.25
137.77 86.75
138.07 87.25
138.37 87.25
138.67 87.75
138.96 88.0
139.26 87.75
139.56 88.0
139.86 88.75
140.15 88.0
140.45 89.25
140.75 89.5
141.05 89.75
141.34 90.0
141.64 90.0
141.94 90.0
142.24 90.5
142.53 90.25
142.83 90.75
143.13 91.25
143.43 91.25
143.72 91.75
144.02 91.75
144.32 91.75
144.62 92.25
144.91 92.5
145.21 93.25
145.51 93.25
145.81 93.5
146.1 93.75
146.4 94.0
146.7 93.75
147.0 94.25
147.3 94.75
147.59 94.75
147.89 95.5
148.19 95.5
148.49 95.5
148.78 96.0
149.08 96.0
149.38 96.25
149.68 96.5
149.97 96.5
150.27 97.5
150.57 97.25
150.87 97.25
151.16 98.0
151.46 98.0
151.76 98.0
152.06 99.0
152.35 99.25
152.65 99.5
152.95 99.5
153.25 100.0
153.54 100.25
153.84 100.25
154.14 100.5
154.44 100.25
154.73 101.0
155.03 101.25
155.33 101.25
155.63 101.5
155.92 102.0
156.22 101.5
156.52 102.5
156.82 103.0
157.11 103.0
157.41 103.75
157.71 103.5
158.01 103.75
158.3 104.0
158.6 104.25
158.9 104.5
159.2 105.0
159.49 105.25
159.79 105.0
160.09 105.25
160.39 105.75
160.68 106.5
160.98 106.75
161.28 106.75
161.58 107.0
161.88 107.0
162.17 107.5
162.47 107.5
162.77 107.75
163.07 108.25
163.36 108.0
163.66 108.75
163.96 108.75
164.26 109.75
164.55 109.75
164.85 109.75
165.15 110.0
165.45 110.25
165.74 110.5
166.04 111.0
166.34 111.5
166.64 111.75
166.93 111.5
167.23 111.75
167.53 112.25
167.83 112.75
168.12 113.25
168.42 112.75
168.72 113.25
169.02 113.75
169.31 114.0
169.61 114.0
169.91 114.5
170.21 114.75
170.5 115.25
170.8 114.75
171.1 115.75
171.4 115.75
171.69 115.5
171.99 116.0
172.29 116.25
172.59 117.25
172.88 117.25
173.18 117.25
173.48 118.0
173.78 117.75
174.07 118.25
174.37 118.75
174.67 119.0
174.97 119.0
175.26 119.25
175.56 119.75
175.86 120.0
176.16 120.25
176.45 120.25
176.75 120.5
177.05 120.75
177.35 121.5
177.64 121.75
177.94 121.25
178.24 122.25
178.54 122.5
178.83 122.5
179.13 123.25
179.43 123.25
179.73 123.25
180.02 123.25
180.32 124.25
180.62 123.5
180.92 124.5
181.21 125.0
181.51 125.25
181.81 125.5
182.11 125.5
182.4 126.0
182.7 126.5
183.0 126.75
183.3 126.5
183.59 127.25
183.89 127.5
184.19 127.75
184.49 128.0
184.79 128.5
185.08 128.25
185.38 129.25
185.68 129.25
185.98 129.5
186.28 129.75
186.57 130.0
186.87 130.25
187.17 130.25
187.47 130.75
187.76 131.0
188.06 131.25
188.36 131.5
188.66 131.75
188.96 132.0
189.25 132.5
189.55 133.0
189.85 133.25
190.14 133.5
190.44 133.25
190.74 133.25
191.04 133.75
191.34 134.5
191.63 134.5
191.93 135.25
192.23 135.75
192.53 135.75
192.82 135.5
193.12 136.25
193.42 136.25
193.72 136.25
194.01 136.75
194.31 137.5
194.61 138.0
194.91 137.5
195.21 138.0
195.5 138.75
195.8 139.0
196.1 139.5
196.4 139.75
196.69 139.5
196.99 139.75
197.29 140.25
197.59 140.5
197.88 140.75
198.18 141.25
198.48 141.75
198.78 141.75
199.07 142.5
199.37 142.0
199.67 143.0
199.97 143.25
200.26 143.25
200.56 143.75
200.86 144.0
201.16 144.25
201.45 144.75
201.75 144.5
202.05 144.75
202.35 145.5
202.64 145.75
202.94 146.25
203.24 146.25
203.54 146.75
203.83 146.75
204.13 147.0
204.43 147.5
204.73 148.0
205.02 148.25
205.32 148.25
205.62 148.75
205.92 149.25
206.22 149.25
206.51 149.75
206.81 149.0
207.11 150.25
207.41 150.5
207.7 150.5
208.0 151.25
208.3 150.5
208.6 151.75
208.89 152.0
209.19 152.25
209.49 152.75
209.79 152.75
210.08 153.25
210.38 153.25
210.68 153.75
210.98 154.0
211.27 154.5
211.57 154.25
211.87 155.0
212.17 154.5
212.46 155.5
212.76 155.5
213.06 156.25
213.36 156.5
213.65 156.25
213.95 157.0
214.25 156.75
214.55 157.75
214.84 157.75
215.14 158.0
215.44 158.5
215.74 158.5
216.03 159.0
216.33 158.75
216.63 159.5
216.93 159.75
217.22 160.25
217.52 160.5
217.82 160.75
218.12 161.0
218.41 161.25
218.71 161.75
219.01 162.0
219.31 162.25
219.6 162.75
219.9 163.0
220.2 163.25
220.5 163.25
220.79 163.75
221.09 164.0
221.39 163.75
221.69 164.25
221.98 164.5
222.28 165.25
222.58 165.25
222.88 165.75
223.18 165.75
223.47 166.5
223.77 166.75
224.07 166.5
224.37 167.25
224.66 167.25
224.96 167.5
225.26 167.75
225.56 167.5
225.85 168.5
226.15 168.75
226.45 169.0
226.75 169.25
227.04 169.5
227.34 170.0
227.64 170.0
227.94 170.0
228.23 170.25
228.53 171.0
228.83 171.0
229.13 171.5
229.42 172.0
229.72 172.25
230.02 172.25
230.32 172.5
230.61 172.75
230.91 172.75
231.21 173.25
231.51 173.5
231.8 173.5
232.1 174.0
232.4 174.25
232.7 174.5
233.0 174.5
233.29 175.0
233.59 175.25
233.89 175.5
234.19 176.0
234.48 175.75
234.78 176.25
235.08 177.0
235.38 176.75
235.67 177.0
235.97 177.25
236.27 177.5
236.57 178.0
236.86 177.75
237.16 178.5
237.46 178.5
237.76 179.0
238.05 178.75
238.35 179.25
238.65 179.5
238.95 179.0
239.24 180.0
239.54 180.25
239.84 180.5
240.14 180.5
240.43 180.5
240.73 181.25
241.03 181.0
241.33 181.75
241.62 181.75
241.92 182.0
242.22 182.25
242.52 182.75
242.81 183.0
243.11 183.0
243.41 183.25
243.71 183.75
244.0 183.75
244.3 184.25
244.6 184.25
244.9 184.5
245.19 184.75
245.49 185.0
245.79 185.0
246.09 185.5
246.38 185.5
246.68 186.0
246.98 186.0
247.28 186.5
247.57 186.5
247.87 186.75
248.17 186.5
248.47 187.25
248.76 187.0
249.06 187.75
249.36 187.5
249.66 188.25
249.95 188.25
250.25 188.0
250.55 188.75
250.85 188.5
251.14 188.75
251.44 189.25
251.74 189.5
252.04 189.75
252.33 190.0
252.63 190.25
252.93 190.5
253.23 190.25
253.52 191.0
253.82 190.75
254.12 191.5
254.42 191.0
254.71 191.75
255.01 191.5
255.31 191.75
255.61 191.75
255.9 192.5
256.2 192.25
256.5 192.75
256.8 193.0
257.09 193.5
257.39 193.75
257.69 194.0
257.99 194.5
258.28 194.5
258.58 194.5
258.88 194.5
259.18 194.5
259.47 195.0
259.77 195.25
260.07 195.5
260.37 195.75
260.66 195.5
260.96 195.75
261.26 196.25
261.56 196.75
261.85 196.75
262.15 196.75
262.45 197.0
262.75 197.25
263.04 197.75
263.34 197.75
263.64 197.75
263.94 198.0
264.23 198.0
264.53 198.5
264.83 198.25
265.13 198.75
265.42 199.0
265.72 199.0
266.02 199.25
266.32 199.5
266.61 200.0
266.91 199.75
267.21 200.0
267.51 200.0
267.8 200.5
268.1 200.5
268.4 200.25
268.7 200.75
268.99 201.25
269.29 201.5
269.59 201.75
269.89 201.5
270.18 201.25
270.48 202.0
270.78 201.75
271.08 202.25
271.38 202.75
271.67 203.0
271.97 203.25
272.27 203.0
272.57 203.25
272.86 203.75
273.16 203.75
273.46 204.0
273.76 204.0
274.05 204.5
274.35 204.0
274.65 204.75
274.95 204.75
275.24 205.0
275.54 205.0
275.84 205.25
276.14 205.5
276.43 205.75
276.73 205.75
277.03 206.0
277.33 206.25
277.62 206.25
277.92 206.5
278.22 206.5
278.52 206.75
278.81 207.25
279.11 207.25
279.41 207.0
279.71 207.5
280.0 207.25
280.3 208.0
280.6 208.25
280.9 208.25
281.19 208.25
281.49 208.5
281.79 208.25
282.09 209.0
282.38 208.75
282.68 209.0
282.98 209.25
283.28 209.25
283.57 209.5
283.87 209.75
284.17 210.0
284.47 210.0
284.76 210.25
285.06 210.25
285.36 210.75
285.66 210.5
285.95 211.0
286.25 210.75
286.55 210.75
286.85 211.5
287.14 211.0
287.44 211.5
287.74 212.0
288.04 211.5
288.33 212.25
288.63 212.25
288.93 212.5
289.23 212.5
289.52 212.75
289.82 213.0
290.12 212.75
290.42 213.25
290.71 213.5
291.01 213.5
291.31 213.5
291.61 213.75
291.9 213.75
292.2 214.0
292.5 214.0
292.8 214.25
293.09 214.0
293.39 214.25
293.69 214.75
293.99 214.5
294.28 215.25
294.58 215.5
294.88 215.25
295.18 215.5
295.47 215.25
295.77 215.75
296.07 215.5
296.37 215.75
296.66 215.75
296.96 216.0
297.26 216.25
297.56 216.5
297.85 216.75
298.15 217.0
298.45 217.0
298.75 217.25
299.05 217.25
299.34 217.25
299.64 217.5
299.94 217.5
300.24 217.75
300.53 218.25
300.83 218.0
301.13 218.25
301.43 218.0
301.72 218.25
302.02 218.5
302.32 218.75
302.62 218.75
302.91 218.75
303.21 219.25
303.51 218.75
303.81 219.5
304.1 219.25
304.4 219.5
304.7 219.75
305.0 219.75
305.3 220.0
305.59 220.25
305.89 220.0
306.19 220.75
306.49 220.5
306.79 220.25
307.08 221.0
307.38 220.5
307.68 221.0
307.98 220.75
308.27 221.25
308.57 221.5
308.87 221.75
309.17 221.5
309.46 221.75
309.76 221.5
310.06 222.25
310.36 222.0
310.65 222.25
310.95 222.5
311.25 222.5
311.55 222.75
311.84 222.5
312.14 222.75
312.44 223.0
312.74 223.25
313.03 223.25
313.33 223.25
313.63 223.0
313.93 223.75
314.22 223.75
314.52 223.5
314.82 223.5
315.12 224.0
315.41 223.5
315.71 223.75
316.01 224.25
316.31 224.25
316.6 224.75
316.9 224.5
317.2 224.5
317.5 224.5
317.79 225.0
318.09 225.5
318.39 225.5
318.69 225.5
318.98 225.5
319.28 225.75
319.58 225.75
319.88 225.75
320.18 225.5
320.47 226.25
320.77 226.0
321.07 226.0
321.37 226.25
321.66 226.5
321.96 226.25
322.26 226.75
322.56 227.0
322.85 227.25
323.15 226.75
323.45 227.25
323.74 227.0
324.04 227.5
324.34 227.5
324.64 227.75
324.94 228.0
325.23 227.75
325.53 228.0
325.83 227.75
326.13 228.25
326.42 228.5
326.72 228.5
327.02 228.25
327.32 228.5
327.61 228.5
327.91 228.25
328.21 228.5
328.51 229.0
328.8 229.25
329.1 228.75
329.4 229.25
329.7 229.0
329.99 229.5
330.29 229.0
330.59 229.5
330.89 229.75
331.18 230.0
331.48 230.0
331.78 229.5
332.08 230.25
332.37 230.0
332.67 230.0
332.97 230.0
333.27 230.25
333.57 230.75
333.86 230.25
334.16 230.5
334.46 230.75
334.76 231.0
335.05 231.0
335.35 231.0
335.65 231.0
335.95 231.0
336.24 231.25
336.54 231.5
336.84 231.5
337.14 231.5
337.43 231.25
337.73 231.5
338.03 231.75
338.33 232.0
338.62 231.5
338.92 232.25
339.22 232.5
339.52 232.0
339.81 232.25
340.11 232.25
340.41 232.5
340.71 232.25
341.0 232.25
341.3 233.0
341.6 232.5
341.9 233.25
342.19 233.0
342.49 233.25
342.79 233.0
343.09 233.0
343.38 233.0
343.68 233.0
343.98 233.25
344.28 233.5
344.57 233.5
344.87 233.75
345.17 233.5
345.47 234.0
345.76 233.75
346.06 233.5
346.36 234.0
346.66 234.25
346.95 234.25
347.25 234.25
347.55 234.25
347.85 234.25
348.14 234.75
348.44 234.5
348.74 234.25
349.04 234.75
349.33 234.75
349.63 235.0
349.93 234.75
350.23 235.0
350.52 235.0
350.82 235.25
351.12 235.0
351.42 235.5
351.71 235.0
352.01 234.75
352.31 235.5
352.61 235.5
352.9 235.5
353.2 235.5
353.5 235.5
353.8 235.5
354.09 236.0
354.39 236.0
354.69 236.25
354.99 235.75
355.28 235.5
355.58 236.0
355.88 235.75
356.18 236.5
356.47 236.25
356.77 236.25
357.07 236.75
357.37 236.0
357.66 236.5
357.96 236.5
358.26 236.75
358.56 236.5
358.85 237.0
359.15 236.5
359.45 237.25
359.75 236.75
360.04 237.0
360.34 236.75
360.64 236.75
360.94 237.0
361.23 237.25
361.53 237.5
361.83 237.5
362.13 237.5
362.42 237.5
362.72 237.5
363.02 237.5
363.32 237.5
363.61 237.5
363.91 237.75
364.21 237.5
364.51 237.75
364.81 238.0
365.1 237.5
365.4 238.0
365.7 238.25
366.0 238.0
366.29 238.25
366.59 238.5
366.89 238.0
367.19 238.5
367.48 238.75
367.78 238.5
368.08 238.5
368.38 238.25
368.67 238.25
368.97 238.75
369.27 238.25
369.57 238.5
369.86 238.5
370.16 238.75
370.46 238.75
370.76 238.5
371.05 238.75
371.35 239.0
371.65 238.25
371.95 238.75
372.24 239.0
372.54 239.0
372.84 239.5
373.14 239.5
373.43 238.75
373.73 239.25
374.03 239.0
374.32 239.25
374.62 239.5
374.92 239.5
375.22 239.75
375.52 239.5
375.81 239.5
376.11 239.5
376.41 239.75
376.71 239.75
377.0 240.0
377.3 240.0
377.6 239.5
377.9 240.0
378.19 240.5
378.49 240.25
378.79 240.0
379.09 240.25
379.38 240.25
379.68 239.75
379.98 240.25
380.28 240.5
380.57 240.25
380.87 239.75
381.17 240.0
381.47 240.5
381.76 240.25
382.06 240.0
382.36 240.5
382.66 240.75
382.95 240.75
383.25 240.5
383.55 240.5
383.85 240.75
384.14 241.0
384.44 240.5
384.74 240.75
385.04 241.0
385.33 240.0
385.63 240.75
385.93 240.75
386.23 240.5
386.52 241.0
386.82 241.0
387.12 241.25
387.42 241.25
387.71 241.0
388.01 241.0
388.31 241.0
388.61 240.5
388.9 240.5
389.2 241.5
389.5 240.5
389.8 241.25
390.09 241.0
390.39 241.25
390.69 241.5
390.99 241.25
391.28 241.0
391.58 241.5
391.88 241.5
392.18 241.25
392.47 241.25
392.77 241.25
393.07 241.25
393.37 241.25
393.66 241.75
393.96 241.75
394.26 241.5
394.56 241.75
394.85 241.25
395.15 241.5
395.45 241.0
395.75 241.75
396.04 241.75
396.34 241.75
396.64 241.75
396.94 241.75
397.23 241.75
397.53 241.5
397.83 241.75
398.13 241.75
398.43 242.0
398.72 241.75
399.02 241.5
399.32 242.0
399.62 242.0
399.91 241.75
400.21 241.75
400.51 242.0
400.81 241.75
401.1 241.75
401.4 241.5
401.7 242.0
402.0 241.5
402.29 241.75
402.59 242.0
402.89 242.0
403.19 242.0
403.48 242.0
403.78 242.25
404.08 242.0
404.38 242.0
404.67 242.25
404.97 242.0
405.27 241.5
405.57 241.75
405.86 241.75
406.16 241.75
406.46 242.0
406.76 242.25
407.05 241.75
407.35 242.0
407.65 242.25
407.95 242.25
408.24 242.25
408.54 242.5
408.84 242.25
409.14 242.0
409.43 242.25
409.73 242.5
410.03 242.0
410.33 242.25
410.62 242.25
410.92 242.25
411.22 242.25
411.52 242.25
411.81 242.0
412.11 242.5
412.41 242.0
412.71 242.25
413.0 242.25
413.3 242.25
413.6 242.25
413.9 242.5
414.2 242.25
414.49 241.75
414.79 242.5
415.09 242.25
415.39 242.5
415.68 242.5
415.98 242.75
416.28 242.75
416.58 242.25
416.87 242.5
417.17 242.25
417.47 242.25
417.77 242.25
418.06 242.25
418.36 241.75
418.66 242.0
418.96 242.25
419.25 242.5
419.55 242.25
419.85 242.5
420.15 242.5
420.44 242.0
420.74 242.0
421.04 242.25
421.34 242.5
421.63 242.25
421.93 242.25
422.23 242.75
422.53 242.75
422.82 242.0
423.12 242.5
423.42 242.5
423.72 242.5
424.01 242.5
424.31 242.0
424.61 242.25
424.91 242.5
425.21 242.5
425.51 242.25
425.8 242.5
426.1 242.75
426.4 242.25
426.7 242.0
427.0 242.25
427.3 242.75
427.59 242.0
427.89 242.25
428.19 242.5
428.49 242.5
428.78 242.5
429.08 242.25
429.38 242.5
429.68 242.5
429.98 241.75
430.28 242.5
430.58 242.25
430.88 242.0
431.18 242.25
431.47 242.5
431.77 242.5
432.07 242.75
432.37 242.25
432.67 242.5
432.96 242.25
433.26 242.5
433.56 242.25
433.86 242.25
434.16 242.5
434.46 242.5
